{
  "RSpec": {
    "coverage": {
      "/Users/Student/Dropbox/My Mac (MA168)/Documents/Projects/Makers/tech-tests/Bank-tech-test/spec/bank_account_spec.rb": {
        "lines": [
          null,
          null,
          1,
          null,
          1,
          9,
          2,
          4,
          2,
          2,
          2,
          null,
          1,
          1,
          1,
          2,
          null,
          null,
          1,
          1,
          null,
          null,
          null,
          1,
          1,
          4,
          null,
          null,
          1,
          1,
          1,
          null,
          null,
          null,
          1,
          1,
          1,
          4,
          null,
          null,
          1,
          1,
          1,
          1,
          null,
          null,
          1,
          1,
          null,
          null,
          null,
          1,
          1,
          1,
          null,
          null,
          null
        ]
      },
      "/Users/Student/Dropbox/My Mac (MA168)/Documents/Projects/Makers/tech-tests/Bank-tech-test/lib/bank_account.rb": {
        "lines": [
          null,
          null,
          1,
          1,
          null,
          1,
          null,
          1,
          8,
          8,
          null,
          null,
          1,
          5,
          5,
          null,
          null,
          1,
          3,
          1,
          null,
          2,
          2,
          null,
          null,
          null,
          1,
          2,
          1,
          null,
          1,
          1,
          null,
          null,
          null,
          1,
          1,
          null,
          1,
          1,
          null,
          null,
          1,
          null,
          null,
          1,
          1,
          1,
          1,
          null,
          1,
          1,
          null,
          0,
          null,
          null,
          null
        ]
      },
      "/Users/Student/Dropbox/My Mac (MA168)/Documents/Projects/Makers/tech-tests/Bank-tech-test/spec/statement_spec.rb": {
        "lines": [
          null,
          null,
          null,
          null,
          null,
          null,
          null,
          null,
          null,
          null,
          null,
          null,
          null,
          null,
          null,
          null,
          null,
          null,
          null,
          null,
          null,
          null,
          null,
          null,
          null,
          null,
          null,
          null,
          null,
          null,
          null
        ]
      },
      "/Users/Student/Dropbox/My Mac (MA168)/Documents/Projects/Makers/tech-tests/Bank-tech-test/spec/transactions_spec.rb": {
        "lines": [

        ]
      }
    },
    "timestamp": 1615369086
  }
}
