{
  "RSpec": {
    "coverage": {
      "/Users/Student/Dropbox/My Mac (MA168)/Documents/Projects/Makers/tech-tests/Bank-tech-test/spec/bank_account_spec.rb": {
        "lines": [
          null,
          1,
          null,
          1,
          10,
          3,
          5,
          2,
          2,
          2,
          2,
          null,
          null,
          1,
          1,
          1,
          1,
          2,
          null,
          null,
          1,
          1,
          1,
          1,
          2,
          null,
          null,
          1,
          1,
          null,
          null,
          null,
          1,
          1,
          4,
          null,
          null,
          1,
          1,
          1,
          1,
          null,
          null,
          null,
          1,
          1,
          1,
          4,
          null,
          null,
          1,
          1,
          1,
          1,
          1,
          null,
          null,
          1,
          1,
          null,
          null,
          null,
          1,
          1,
          1,
          null,
          null,
          null,
          null
        ]
      },
      "/Users/Student/Dropbox/My Mac (MA168)/Documents/Projects/Makers/tech-tests/Bank-tech-test/lib/bank_account.rb": {
        "lines": [
          null,
          1,
          1,
          null,
          1,
          1,
          null,
          1,
          9,
          9,
          9,
          null,
          null,
          1,
          6,
          6,
          null,
          null,
          1,
          4,
          1,
          null,
          3,
          3,
          null,
          null,
          null,
          1,
          3,
          1,
          null,
          2,
          2,
          null,
          null,
          null,
          1,
          9,
          null,
          null,
          null
        ]
      },
      "/Users/Student/Dropbox/My Mac (MA168)/Documents/Projects/Makers/tech-tests/Bank-tech-test/lib/statement.rb": {
        "lines": [
          null,
          1,
          null,
          1,
          null,
          1,
          3,
          3,
          null,
          null,
          1,
          3,
          null,
          3,
          4,
          null,
          null,
          3,
          null,
          null,
          1,
          4,
          4,
          4,
          null,
          4,
          3,
          null,
          1,
          null,
          null,
          null,
          null
        ]
      },
      "/Users/Student/Dropbox/My Mac (MA168)/Documents/Projects/Makers/tech-tests/Bank-tech-test/spec/statement_spec.rb": {
        "lines": [
          1,
          null,
          1,
          1,
          2,
          2,
          2,
          2,
          2,
          null,
          null,
          1,
          1,
          2,
          null,
          null,
          null,
          null
        ]
      },
      "/Users/Student/Dropbox/My Mac (MA168)/Documents/Projects/Makers/tech-tests/Bank-tech-test/spec/transaction_spec.rb": {
        "lines": [

        ]
      }
    },
    "timestamp": 1615564842
  }
}
